<?xml version="1.0" encoding="UTF-8"?>
<testsuite name="Barclays Test"
           tests="2"
           failures="0"
           errors="0"
           skipped="0"
           time="0.538">
  <properties />
  
  
            <testcase name="verifyThatRegisterLinkIsDisplayedOnHomepage" time="0.227" classname="co.uk.barclays.testsuite.HomePageTest" />
                <testcase name="verifyThatLoginLinkDisplayedOnHomepage" time="0.311" classname="co.uk.barclays.testsuite.HomePageTest" />
      
</testsuite>
